<?xml version="1.0" encoding="UTF-8"?>
<testsuite xmlns:xsi="http://www.w3.org/2001/XMLSchema-instance" xsi:noNamespaceSchemaLocation="https://maven.apache.org/surefire/maven-surefire-plugin/xsd/surefire-test-report.xsd" name="TestSuite" time="25.343" tests="2" errors="0" skipped="0" failures="0">
  <properties>
[...]
</properties>
  <testcase name="searchBookPositiveTest" classname="com.telran.tests.bookStore.SearchBookTests" time="2.107"/>
  <testcase name="testngSearchBookPositiveTest" classname="com.telran.tests.bookStore.SearchBookTests" time="2.177"/>
</testsuite>