<?xml version="1.0" encoding="UTF-8"?>
<testng-results ignored="0" total="2" passed="2" failed="0" skipped="0">
  <reporter-output>
  </reporter-output>
  <suite started-at="2022-11-01T10:28:26 MEZ" name="User" finished-at="2022-11-01T10:29:07 MEZ" duration-ms="40431">
    <groups>
    </groups>
    <test started-at="2022-11-01T10:28:26 MEZ" name="User" finished-at="2022-11-01T10:29:07 MEZ" duration-ms="40431">
      <class name="com.telran.tests.bookStore.LoginTests">
        <test-method is-config="true" signature="init()[pri:0, instance:com.telran.tests.bookStore.LoginTests@14028087]" started-at="2022-11-01T10:28:27 MEZ" name="init" finished-at="2022-11-01T10:28:37 MEZ" duration-ms="10072" status="PASS">
          <reporter-output>
          </reporter-output>
        </test-method> <!-- init -->
        <test-method is-config="true" signature="startTest(java.lang.reflect.Method)[pri:0, instance:com.telran.tests.bookStore.LoginTests@14028087]" started-at="2022-11-01T10:28:37 MEZ" name="startTest" finished-at="2022-11-01T10:28:37 MEZ" duration-ms="17" status="PASS">
          <params>
            <param index="0">
              <value>
                <![CDATA[public void com.telran.tests.bookStore.LoginTests.loginPositiveParametersTest(java.lang.String,java.lang.String)]]>
              </value>
            </param>
          </params>
          <reporter-output>
          </reporter-output>
        </test-method> <!-- startTest -->
        <test-method is-config="true" signature="ensurePrecondition()[pri:0, instance:com.telran.tests.bookStore.LoginTests@14028087]" started-at="2022-11-01T10:28:37 MEZ" name="ensurePrecondition" finished-at="2022-11-01T10:28:38 MEZ" duration-ms="1574" status="PASS">
          <reporter-output>
          </reporter-output>
        </test-method> <!-- ensurePrecondition -->
        <test-method signature="loginPositiveParametersTest(java.lang.String, java.lang.String)[pri:0, instance:com.telran.tests.bookStore.LoginTests@14028087]" started-at="2022-11-01T10:28:38 MEZ" name="loginPositiveParametersTest" finished-at="2022-11-01T10:28:43 MEZ" duration-ms="4277" status="PASS">
          <params>
            <param index="0">
              <value>
                <![CDATA[Lee]]>
              </value>
            </param>
            <param index="1">
              <value>
                <![CDATA[1234Qwer!]]>
              </value>
            </param>
          </params>
          <reporter-output>
          </reporter-output>
        </test-method> <!-- loginPositiveParametersTest -->
        <test-method is-config="true" signature="logOut()[pri:0, instance:com.telran.tests.bookStore.LoginTests@14028087]" started-at="2022-11-01T10:28:43 MEZ" name="logOut" finished-at="2022-11-01T10:28:43 MEZ" duration-ms="263" status="PASS">
          <reporter-output>
          </reporter-output>
        </test-method> <!-- logOut -->
        <test-method is-config="true" signature="stopTest(org.testng.ITestResult)[pri:0, instance:com.telran.tests.bookStore.LoginTests@14028087]" started-at="2022-11-01T10:28:43 MEZ" name="stopTest" finished-at="2022-11-01T10:28:43 MEZ" duration-ms="2" status="PASS">
          <params>
            <param index="0">
              <value>
                <![CDATA[[TestResult name=loginPositiveParametersTest status=SUCCESS method=LoginTests.loginPositiveParametersTest(java.lang.String, java.lang.String)[pri:0, instance:com.telran.tests.bookStore.LoginTests@14028087] output={null}]]]>
              </value>
            </param>
          </params>
          <reporter-output>
          </reporter-output>
        </test-method> <!-- stopTest -->
        <test-method is-config="true" signature="init()[pri:0, instance:com.telran.tests.bookStore.LoginTests@14028087]" started-at="2022-11-01T10:28:43 MEZ" name="init" finished-at="2022-11-01T10:28:56 MEZ" duration-ms="13214" status="PASS">
          <reporter-output>
          </reporter-output>
        </test-method> <!-- init -->
        <test-method is-config="true" signature="startTest(java.lang.reflect.Method)[pri:0, instance:com.telran.tests.bookStore.LoginTests@14028087]" started-at="2022-11-01T10:28:56 MEZ" name="startTest" finished-at="2022-11-01T10:28:56 MEZ" duration-ms="1" status="PASS">
          <params>
            <param index="0">
              <value>
                <![CDATA[public void com.telran.tests.bookStore.LoginTests.loginPositiveTest()]]>
              </value>
            </param>
          </params>
          <reporter-output>
          </reporter-output>
        </test-method> <!-- startTest -->
        <test-method is-config="true" signature="ensurePrecondition()[pri:0, instance:com.telran.tests.bookStore.LoginTests@14028087]" started-at="2022-11-01T10:28:56 MEZ" name="ensurePrecondition" finished-at="2022-11-01T10:29:03 MEZ" duration-ms="6760" status="PASS">
          <reporter-output>
          </reporter-output>
        </test-method> <!-- ensurePrecondition -->
        <test-method signature="loginPositiveTest()[pri:0, instance:com.telran.tests.bookStore.LoginTests@14028087]" started-at="2022-11-01T10:29:03 MEZ" name="loginPositiveTest" finished-at="2022-11-01T10:29:07 MEZ" duration-ms="3847" status="PASS">
          <reporter-output>
          </reporter-output>
        </test-method> <!-- loginPositiveTest -->
        <test-method is-config="true" signature="logOut()[pri:0, instance:com.telran.tests.bookStore.LoginTests@14028087]" started-at="2022-11-01T10:29:07 MEZ" name="logOut" finished-at="2022-11-01T10:29:07 MEZ" duration-ms="273" status="PASS">
          <reporter-output>
          </reporter-output>
        </test-method> <!-- logOut -->
        <test-method is-config="true" signature="stopTest(org.testng.ITestResult)[pri:0, instance:com.telran.tests.bookStore.LoginTests@14028087]" started-at="2022-11-01T10:29:07 MEZ" name="stopTest" finished-at="2022-11-01T10:29:07 MEZ" duration-ms="3" status="PASS">
          <params>
            <param index="0">
              <value>
                <![CDATA[[TestResult name=loginPositiveTest status=SUCCESS method=LoginTests.loginPositiveTest()[pri:0, instance:com.telran.tests.bookStore.LoginTests@14028087] output={null}]]]>
              </value>
            </param>
          </params>
          <reporter-output>
          </reporter-output>
        </test-method> <!-- stopTest -->
      </class> <!-- com.telran.tests.bookStore.LoginTests -->
    </test> <!-- User -->
  </suite> <!-- User -->
</testng-results>
