<?xml version="1.0" encoding="UTF-8"?>
<testng-results ignored="0" total="2" passed="2" failed="0" skipped="0">
  <reporter-output>
  </reporter-output>
  <suite started-at="2022-11-01T23:24:48 MEZ" name="SearchBook" finished-at="2022-11-01T23:25:11 MEZ" duration-ms="22799">
    <groups>
    </groups>
    <test started-at="2022-11-01T23:24:48 MEZ" name="SearchBook" finished-at="2022-11-01T23:25:11 MEZ" duration-ms="22799">
      <class name="com.telran.tests.bookStore.SearchBookTests">
        <test-method is-config="true" signature="init()[pri:0, instance:com.telran.tests.bookStore.SearchBookTests@710c2b53]" started-at="2022-11-01T23:24:49 MEZ" name="init" finished-at="2022-11-01T23:24:58 MEZ" duration-ms="8994" status="PASS">
          <reporter-output>
          </reporter-output>
        </test-method> <!-- init -->
        <test-method is-config="true" signature="startTest(java.lang.reflect.Method)[pri:0, instance:com.telran.tests.bookStore.SearchBookTests@710c2b53]" started-at="2022-11-01T23:24:58 MEZ" name="startTest" finished-at="2022-11-01T23:24:58 MEZ" duration-ms="15" status="PASS">
          <params>
            <param index="0">
              <value>
                <![CDATA[public void com.telran.tests.bookStore.SearchBookTests.searchBookPositiveTest()]]>
              </value>
            </param>
          </params>
          <reporter-output>
          </reporter-output>
        </test-method> <!-- startTest -->
        <test-method is-config="true" signature="ensurePrecondition()[pri:0, instance:com.telran.tests.bookStore.SearchBookTests@710c2b53]" started-at="2022-11-01T23:24:58 MEZ" name="ensurePrecondition" finished-at="2022-11-01T23:24:58 MEZ" duration-ms="567" status="PASS">
          <reporter-output>
          </reporter-output>
        </test-method> <!-- ensurePrecondition -->
        <test-method signature="searchBookPositiveTest()[pri:0, instance:com.telran.tests.bookStore.SearchBookTests@710c2b53]" started-at="2022-11-01T23:24:58 MEZ" name="searchBookPositiveTest" finished-at="2022-11-01T23:25:00 MEZ" duration-ms="2110" status="PASS">
          <reporter-output>
          </reporter-output>
        </test-method> <!-- searchBookPositiveTest -->
        <test-method is-config="true" signature="stopTest(org.testng.ITestResult)[pri:0, instance:com.telran.tests.bookStore.SearchBookTests@710c2b53]" started-at="2022-11-01T23:25:00 MEZ" name="stopTest" finished-at="2022-11-01T23:25:00 MEZ" duration-ms="1" status="PASS">
          <params>
            <param index="0">
              <value>
                <![CDATA[[TestResult name=searchBookPositiveTest status=SUCCESS method=SearchBookTests.searchBookPositiveTest()[pri:0, instance:com.telran.tests.bookStore.SearchBookTests@710c2b53] output={null}]]]>
              </value>
            </param>
          </params>
          <reporter-output>
          </reporter-output>
        </test-method> <!-- stopTest -->
        <test-method is-config="true" signature="init()[pri:0, instance:com.telran.tests.bookStore.SearchBookTests@710c2b53]" started-at="2022-11-01T23:25:00 MEZ" name="init" finished-at="2022-11-01T23:25:08 MEZ" duration-ms="8087" status="PASS">
          <reporter-output>
          </reporter-output>
        </test-method> <!-- init -->
        <test-method is-config="true" signature="startTest(java.lang.reflect.Method)[pri:0, instance:com.telran.tests.bookStore.SearchBookTests@710c2b53]" started-at="2022-11-01T23:25:08 MEZ" name="startTest" finished-at="2022-11-01T23:25:08 MEZ" duration-ms="4" status="PASS">
          <params>
            <param index="0">
              <value>
                <![CDATA[public void com.telran.tests.bookStore.SearchBookTests.testngSearchBookPositiveTest(java.lang.String)]]>
              </value>
            </param>
          </params>
          <reporter-output>
          </reporter-output>
        </test-method> <!-- startTest -->
        <test-method is-config="true" signature="ensurePrecondition()[pri:0, instance:com.telran.tests.bookStore.SearchBookTests@710c2b53]" started-at="2022-11-01T23:25:08 MEZ" name="ensurePrecondition" finished-at="2022-11-01T23:25:09 MEZ" duration-ms="746" status="PASS">
          <reporter-output>
          </reporter-output>
        </test-method> <!-- ensurePrecondition -->
        <test-method signature="testngSearchBookPositiveTest(java.lang.String)[pri:0, instance:com.telran.tests.bookStore.SearchBookTests@710c2b53]" started-at="2022-11-01T23:25:09 MEZ" name="testngSearchBookPositiveTest" finished-at="2022-11-01T23:25:11 MEZ" duration-ms="2173" status="PASS">
          <params>
            <param index="0">
              <value>
                <![CDATA[Git]]>
              </value>
            </param>
          </params>
          <reporter-output>
          </reporter-output>
        </test-method> <!-- testngSearchBookPositiveTest -->
        <test-method is-config="true" signature="stopTest(org.testng.ITestResult)[pri:0, instance:com.telran.tests.bookStore.SearchBookTests@710c2b53]" started-at="2022-11-01T23:25:11 MEZ" name="stopTest" finished-at="2022-11-01T23:25:11 MEZ" duration-ms="2" status="PASS">
          <params>
            <param index="0">
              <value>
                <![CDATA[[TestResult name=testngSearchBookPositiveTest status=SUCCESS method=SearchBookTests.testngSearchBookPositiveTest(java.lang.String)[pri:0, instance:com.telran.tests.bookStore.SearchBookTests@710c2b53] output={null}]]]>
              </value>
            </param>
          </params>
          <reporter-output>
          </reporter-output>
        </test-method> <!-- stopTest -->
      </class> <!-- com.telran.tests.bookStore.SearchBookTests -->
    </test> <!-- SearchBook -->
  </suite> <!-- SearchBook -->
</testng-results>
