<?xml version="1.0" encoding="UTF-8"?>
<!-- Generated by org.testng.reporters.JUnitXMLReporter -->
<testsuite ignored="0" hostname="DESKTOP-CS3HI2C" failures="0" tests="2" name="SearchBook" time="22.799" errors="0" timestamp="2022-11-01T23:25:11 MEZ">
  <testcase classname="com.telran.tests.bookStore.SearchBookTests" name="searchBookPositiveTest" time="2.11"/>
  <testcase classname="com.telran.tests.bookStore.SearchBookTests" name="testngSearchBookPositiveTest" time="2.173"/>
</testsuite> <!-- SearchBook -->
